\BOOKMARK [1][-]{section.1}{\376\377\000K\000e\000y\000\040\000D\000a\000t\000e\000s}{}% 1
\BOOKMARK [1][-]{section.2}{\376\377\000P\000a\000p\000e\000r\000\040\000T\000h\000e\000s\000i\000s}{}% 2
\BOOKMARK [1][-]{section.3}{\376\377\000T\000h\000r\000e\000e\000\040\000C\000o\000r\000e\000\040\000C\000o\000n\000t\000r\000i\000b\000u\000t\000i\000o\000n\000s}{}% 3
\BOOKMARK [2][-]{subsection.3.1}{\376\377\000C\000o\000n\000t\000r\000i\000b\000u\000t\000i\000o\000n\000\040\0001\000:\000\040\000D\000P\000-\000S\000h\000i\000f\000t\000B\000e\000n\000c\000h\000\040\040\024\000\040\000A\000\040\000C\000o\000n\000t\000r\000o\000l\000l\000e\000d\000\040\000B\000e\000n\000c\000h\000m\000a\000r\000k\000\040\000S\000u\000i\000t\000e}{section.3}% 4
\BOOKMARK [3][-]{subsubsection.3.1.1}{\376\377\0001\000A\000.\000\040\000I\000m\000a\000g\000e\000\040\000T\000r\000a\000c\000k\000:\000\040\000S\000V\000H\000N\000\040\000\040\000M\000N\000I\000S\000T}{subsection.3.1}% 5
\BOOKMARK [3][-]{subsubsection.3.1.2}{\376\377\0001\000B\000.\000\040\000L\000a\000n\000g\000u\000a\000g\000e\000\040\000T\000r\000a\000c\000k\000:\000\040\000C\000o\000n\000t\000r\000o\000l\000l\000e\000d\000\040\000M\000a\000r\000k\000o\000v\000\040\000C\000h\000a\000i\000n\000s}{subsection.3.1}% 6
\BOOKMARK [3][-]{subsubsection.3.1.3}{\376\377\0001\000C\000.\000\040\000B\000e\000n\000c\000h\000m\000a\000r\000k\000\040\000P\000a\000c\000k\000a\000g\000e\000\040\000D\000e\000s\000i\000g\000n}{subsection.3.1}% 7
\BOOKMARK [2][-]{subsection.3.2}{\376\377\000C\000o\000n\000t\000r\000i\000b\000u\000t\000i\000o\000n\000\040\0002\000:\000\040\000D\000i\000v\000e\000r\000g\000e\000n\000c\000e\000-\000a\000s\000-\000P\000r\000e\000d\000i\000c\000t\000o\000r\000\040\000A\000n\000a\000l\000y\000s\000i\000s}{section.3}% 8
\BOOKMARK [3][-]{subsubsection.3.2.1}{\376\377\000D\000i\000v\000e\000r\000g\000e\000n\000c\000e\000\040\000M\000e\000t\000r\000i\000c\000s\000\040\000t\000o\000\040\000C\000o\000m\000p\000u\000t\000e}{subsection.3.2}% 9
\BOOKMARK [3][-]{subsubsection.3.2.2}{\376\377\000A\000n\000a\000l\000y\000s\000i\000s\000\040\000P\000l\000a\000n}{subsection.3.2}% 10
\BOOKMARK [3][-]{subsubsection.3.2.3}{\376\377\000K\000e\000y\000\040\000P\000l\000o\000t\000s}{subsection.3.2}% 11
\BOOKMARK [2][-]{subsection.3.3}{\376\377\000C\000o\000n\000t\000r\000i\000b\000u\000t\000i\000o\000n\000\040\0003\000:\000\040\000A\000d\000d\000i\000t\000i\000v\000e\000\040\000v\000s\000.\000\040\000M\000u\000l\000t\000i\000p\000l\000i\000c\000a\000t\000i\000v\000e\000\040\000I\000n\000t\000e\000r\000a\000c\000t\000i\000o\000n}{section.3}% 12
\BOOKMARK [3][-]{subsubsection.3.3.1}{\376\377\000T\000h\000e\000\040\000C\000o\000m\000p\000e\000t\000i\000n\000g\000\040\000H\000y\000p\000o\000t\000h\000e\000s\000e\000s}{subsection.3.3}% 13
\BOOKMARK [3][-]{subsubsection.3.3.2}{\376\377\000E\000x\000p\000e\000r\000i\000m\000e\000n\000t\000a\000l\000\040\000D\000e\000s\000i\000g\000n}{subsection.3.3}% 14
\BOOKMARK [3][-]{subsubsection.3.3.3}{\376\377\000A\000n\000a\000l\000y\000s\000i\000s\000\040\000P\000l\000a\000n}{subsection.3.3}% 15
\BOOKMARK [1][-]{section.4}{\376\377\000B\000o\000n\000u\000s\000\040\000E\000n\000h\000a\000n\000c\000e\000m\000e\000n\000t\000s\000\040\000\050\000I\000f\000\040\000T\000i\000m\000e\000\040\000P\000e\000r\000m\000i\000t\000s\000\051}{}% 16
\BOOKMARK [2][-]{subsection.4.1}{\376\377\000E\000n\000h\000a\000n\000c\000e\000m\000e\000n\000t\000\040\000A\000:\000\040\000M\000e\000m\000b\000e\000r\000s\000h\000i\000p\000\040\000I\000n\000f\000e\000r\000e\000n\000c\000e\000\040\000A\000t\000t\000a\000c\000k\000s\000\040\000U\000n\000d\000e\000r\000\040\000S\000h\000i\000f\000t}{section.4}% 17
\BOOKMARK [2][-]{subsection.4.2}{\376\377\000E\000n\000h\000a\000n\000c\000e\000m\000e\000n\000t\000\040\000B\000:\000\040\000P\000r\000e\000t\000r\000a\000i\000n\000i\000n\000g\000\040\000D\000a\000t\000a\000\040\000S\000e\000l\000e\000c\000t\000i\000o\000n}{section.4}% 18
\BOOKMARK [2][-]{subsection.4.3}{\376\377\000E\000n\000h\000a\000n\000c\000e\000m\000e\000n\000t\000\040\000C\000:\000\040\000L\000o\000R\000A\000\040\000v\000s\000.\000\040\000F\000u\000l\000l\000\040\000F\000i\000n\000e\000t\000u\000n\000i\000n\000g\000\040\000U\000n\000d\000e\000r\000\040\000S\000h\000i\000f\000t}{section.4}% 19
\BOOKMARK [2][-]{subsection.4.4}{\376\377\000E\000n\000h\000a\000n\000c\000e\000m\000e\000n\000t\000\040\000D\000:\000\040\000T\000h\000e\000o\000r\000e\000t\000i\000c\000a\000l\000\040\000B\000o\000u\000n\000d\000\040\000D\000e\000r\000i\000v\000a\000t\000i\000o\000n\000\040\000\050\000S\000t\000r\000e\000t\000c\000h\000\051}{section.4}% 20
\BOOKMARK [1][-]{section.5}{\376\377\000T\000e\000c\000h\000n\000i\000c\000a\000l\000\040\000S\000t\000a\000c\000k}{}% 21
\BOOKMARK [1][-]{section.6}{\376\377\000P\000r\000o\000j\000e\000c\000t\000\040\000S\000t\000r\000u\000c\000t\000u\000r\000e}{}% 22
\BOOKMARK [1][-]{section.7}{\376\377\000E\000x\000e\000c\000u\000t\000i\000o\000n\000\040\000T\000i\000m\000e\000l\000i\000n\000e}{}% 23
\BOOKMARK [2][-]{subsection.7.1}{\376\377\000W\000e\000e\000k\000\040\0001\000:\000\040\000M\000a\000r\000c\000h\000\040\0002\0002\040\023\0002\0008\000\040\000\050\000P\000r\000o\000p\000o\000s\000a\000l\000\040\000W\000e\000e\000k\000\051}{section.7}% 24
\BOOKMARK [2][-]{subsection.7.2}{\376\377\000W\000e\000e\000k\000\040\0002\000:\000\040\000M\000a\000r\000c\000h\000\040\0002\0009\000\040\040\023\000\040\000A\000p\000r\000i\000l\000\040\0004\000\040\000\050\000C\000o\000r\000e\000\040\000E\000x\000p\000e\000r\000i\000m\000e\000n\000t\000s\000\051}{section.7}% 25
\BOOKMARK [2][-]{subsection.7.3}{\376\377\000W\000e\000e\000k\000\040\0003\000:\000\040\000A\000p\000r\000i\000l\000\040\0005\040\023\0001\0001\000\040\000\050\000A\000n\000a\000l\000y\000s\000i\000s\000\040\000\046\000\040\000E\000x\000t\000r\000a\000\040\000E\000x\000p\000e\000r\000i\000m\000e\000n\000t\000s\000\051}{section.7}% 26
\BOOKMARK [2][-]{subsection.7.4}{\376\377\000W\000e\000e\000k\000\040\0004\000:\000\040\000A\000p\000r\000i\000l\000\040\0001\0002\040\023\0001\0007\000\040\000\050\000M\000i\000d\000-\000R\000e\000v\000i\000e\000w\000\040\000R\000e\000p\000o\000r\000t\000\051}{section.7}% 27
\BOOKMARK [2][-]{subsection.7.5}{\376\377\000W\000e\000e\000k\000s\000\040\0005\040\023\0006\000:\000\040\000A\000p\000r\000i\000l\000\040\0001\0008\000\040\040\023\000\040\000M\000a\000y\000\040\0004\000\040\000\050\000P\000r\000e\000s\000e\000n\000t\000a\000t\000i\000o\000n\000\040\000+\000\040\000R\000e\000m\000a\000i\000n\000i\000n\000g\000\040\000W\000o\000r\000k\000\051}{section.7}% 28
\BOOKMARK [2][-]{subsection.7.6}{\376\377\000W\000e\000e\000k\000\040\0007\000:\000\040\000M\000a\000y\000\040\0005\040\023\0001\0001\000\040\000\050\000F\000i\000n\000a\000l\000\040\000R\000e\000p\000o\000r\000t\000\051}{section.7}% 29
\BOOKMARK [1][-]{section.8}{\376\377\000K\000e\000y\000\040\000R\000e\000f\000e\000r\000e\000n\000c\000e\000s}{}% 30
\BOOKMARK [2][-]{subsection.8.1}{\376\377\000C\000o\000r\000e\000\040\000R\000e\000f\000e\000r\000e\000n\000c\000e\000s\000\040\000\050\000f\000r\000o\000m\000\040\000c\000o\000u\000r\000s\000e\000\040\000d\000o\000c\000u\000m\000e\000n\000t\000\051}{section.8}% 31
\BOOKMARK [2][-]{subsection.8.2}{\376\377\000A\000d\000d\000i\000t\000i\000o\000n\000a\000l\000\040\000K\000e\000y\000\040\000R\000e\000f\000e\000r\000e\000n\000c\000e\000s\000\040\000\050\000f\000r\000o\000m\000\040\000l\000i\000t\000e\000r\000a\000t\000u\000r\000e\000\040\000s\000e\000a\000r\000c\000h\000\051}{section.8}% 32
\BOOKMARK [1][-]{section.9}{\376\377\000R\000i\000s\000k\000\040\000R\000e\000g\000i\000s\000t\000e\000r}{}% 33
\BOOKMARK [1][-]{section.10}{\376\377\000S\000u\000c\000c\000e\000s\000s\000\040\000C\000r\000i\000t\000e\000r\000i\000a}{}% 34
\BOOKMARK [2][-]{subsection.10.1}{\376\377\000M\000i\000n\000i\000m\000u\000m\000\040\000V\000i\000a\000b\000l\000e\000\040\000P\000a\000p\000e\000r\000\040\000\050\000C\000o\000u\000r\000s\000e\000\040\000P\000r\000o\000j\000e\000c\000t\000\051}{section.10}% 35
\BOOKMARK [2][-]{subsection.10.2}{\376\377\000F\000u\000l\000l\000\040\000P\000a\000p\000e\000r\000\040\000\050\000W\000o\000r\000k\000s\000h\000o\000p\000\040\000S\000u\000b\000m\000i\000s\000s\000i\000o\000n\000\051}{section.10}% 36
\BOOKMARK [2][-]{subsection.10.3}{\376\377\000S\000t\000r\000e\000t\000c\000h\000\040\000G\000o\000a\000l\000s\000\040\000\050\000F\000u\000l\000l\000\040\000C\000o\000n\000f\000e\000r\000e\000n\000c\000e\000\040\000P\000a\000p\000e\000r\000\051}{section.10}% 37
